10/19/2015 00:08:40 - Sasa[2000002]: @job
10/19/2015 00:08:51 - Sasa[2000002]: @job 4211
10/19/2015 00:09:15 - Sasa[2000002]: @skpoint 90
10/19/2015 00:11:20 - Sasa[2000002]: @job
10/19/2015 00:11:35 - Sasa[2000002]: @job 4073
10/19/2015 00:11:52 - Sasa[2000002]: @job 4050
10/19/2015 00:11:58 - Sasa[2000002]: @job 4051
10/19/2015 00:12:03 - Sasa[2000002]: @job 4052
10/19/2015 00:12:35 - Sasa[2000002]: @job 4060
10/19/2015 00:12:48 - Sasa[2000002]: @job 4070
10/19/2015 00:40:45 - Sasa[2000002]: @allstats
10/19/2015 00:40:51 - Sasa[2000002]: @allstats 50000
10/19/2015 00:41:25 - Sasa[2000002]: @blevel 500
10/19/2015 00:41:36 - Sasa[2000002]: @jlevel 150
10/19/2015 00:42:23 - Sasa[2000002]: @allskill
10/19/2015 00:42:43 - Sasa[2000002]: @item "yggdrasil berry"
10/19/2015 00:42:48 - Sasa[2000002]: @item "yggdrasil berry" 500
10/19/2015 00:43:22 - Sasa[2000002]: @spawn 1751
10/19/2015 00:44:04 - Sasa[2000002]: @killmonster2
10/19/2015 00:46:10 - Sasa[2000002]: @item 2374 2
10/19/2015 00:46:19 - Sasa[2000002]: @item elunium 200
10/19/2015 00:46:40 - Sasa[2000002]: @zeny 2000000000
10/19/2015 00:47:24 - Sasa[2000002]: @item 4302
10/19/2015 00:47:50 - Sasa[2000002]: @item2 2374 1 1 20 0 0 0 0
10/19/2015 00:47:55 - Sasa[2000002]: @item2 2374 1 1 20 0 0 0 0 0
10/19/2015 00:48:44 - Sasa[2000002]: @item 2374
10/19/2015 00:49:39 - Sasa[2000002]: @item 7309
10/19/2015 00:50:38 - Sasa[2000002]: @item 5471
10/19/2015 00:50:46 - Sasa[2000002]: @item 5471
10/19/2015 00:51:19 - Sasa[2000002]: @item 5592
10/19/2015 01:06:32 - Sasa[2000002]: @speed 1000
10/19/2015 01:06:38 - Sasa[2000002]: @speed 1
10/19/2015 01:21:16 - Sasa[2000002]: @speed 1
10/19/2015 01:22:56 - Sasa[2000002]: @speed 1
10/19/2015 01:26:17 - Sasa[2000002]: @speed 1
10/19/2015 07:06:04 - Sasa[2000002]: @job 1
10/19/2015 07:06:21 - Sasa[2000002]: @jlevel 50
10/19/2015 07:06:27 - Sasa[2000002]: @allskill
10/19/2015 07:06:57 - Sasa[2000002]: @jlevel 100
10/19/2015 07:07:00 - Sasa[2000002]: @allskill
10/19/2015 07:07:19 - Sasa[2000002]: @job
10/19/2015 07:07:27 - Sasa[2000002]: @job 0
10/19/2015 07:07:37 - Sasa[2000002]: @blevel 150
10/19/2015 07:07:44 - Sasa[2000002]: @jlevel 100
10/19/2015 07:07:50 - Sasa[2000002]: @allskill
10/19/2015 07:08:05 - Sasa[2000002]: @jlevel 150
10/19/2015 07:08:11 - Sasa[2000002]: @blevel 150
10/19/2015 07:08:16 - Sasa[2000002]: @allskill
10/19/2015 07:18:59 - Sasa[2000002]: @job 0
10/19/2015 07:19:09 - Sasa[2000002]: @jlevel 10
10/19/2015 07:19:15 - Sasa[2000002]: @allskill
10/19/2015 07:19:31 - Sasa[2000002]: @jlevel 100
10/19/2015 07:19:36 - Sasa[2000002]: @allskill
10/19/2015 07:19:43 - Sasa[2000002]: @jlevel 100
10/19/2015 07:19:48 - Sasa[2000002]: @allskill
10/19/2015 07:19:56 - Sasa[2000002]: @jlevel 100
10/19/2015 07:20:05 - Sasa[2000002]: @blevel 150
10/19/2015 07:20:08 - Sasa[2000002]: @allskill
10/19/2015 07:20:44 - Sasa[2000002]: @jlevel 100
10/19/2015 07:20:48 - Sasa[2000002]: @allskill
10/19/2015 07:21:04 - Sasa[2000002]: @jlevel 100
10/19/2015 07:21:10 - Sasa[2000002]: @allskill
10/19/2015 07:21:19 - Sasa[2000002]: @blevel 150
10/19/2015 07:36:14 - Sasa[2000002]: @job 0
10/19/2015 07:36:29 - Sasa[2000002]: @jlevel 200
10/19/2015 07:36:36 - Sasa[2000002]: @allskill
10/19/2015 07:36:44 - Sasa[2000002]: @jlevel 200
10/19/2015 07:36:46 - Sasa[2000002]: @allskill
10/19/2015 07:36:54 - Sasa[2000002]: @jlevel 200
10/19/2015 07:36:56 - Sasa[2000002]: @allskill
10/19/2015 07:37:01 - Sasa[2000002]: @jlevel 200
10/19/2015 07:37:06 - Sasa[2000002]: @blevel 200
10/19/2015 07:37:14 - Sasa[2000002]: @allskill
10/19/2015 07:37:20 - Sasa[2000002]: @blevel 200
10/19/2015 07:37:25 - Sasa[2000002]: @jlevel 200
10/19/2015 07:37:27 - Sasa[2000002]: @allskill
10/19/2015 07:37:32 - Sasa[2000002]: @jlevel 200
10/19/2015 07:37:35 - Sasa[2000002]: @allskill
10/19/2015 07:37:42 - Sasa[2000002]: @blevel 200
10/19/2015 07:37:45 - Sasa[2000002]: @jlevel 200
10/19/2015 07:37:47 - Sasa[2000002]: @allskill
10/19/2015 07:39:37 - Sasa[2000002]: @spawn poring
10/19/2015 07:39:56 - Sasa[2000002]: @item pike
10/19/2015 07:40:19 - Sasa[2000002]: @job 0
10/19/2015 07:40:27 - Sasa[2000002]: @jlevel 200
10/19/2015 07:40:29 - Sasa[2000002]: @allskill
10/19/2015 07:48:52 - Sasa[2000002]: @job 0
10/19/2015 07:48:56 - Sasa[2000002]: @job 1
10/19/2015 07:49:13 - Sasa[2000002]: @jlevel 150
10/19/2015 07:49:49 - Sasa[2000002]: @job
10/19/2015 07:53:35 - Sasa[2000002]: @job 0
10/19/2015 07:53:46 - Sasa[2000002]: @blevel 0
10/19/2015 07:53:54 - Sasa[2000002]: @blevel 100
10/19/2015 07:53:57 - Sasa[2000002]: @blevel 1
10/19/2015 07:54:03 - Sasa[2000002]: @blevel 2
10/19/2015 07:54:13 - Sasa[2000002]: @jlevel 10
10/19/2015 07:54:20 - Sasa[2000002]: @jlevel 100
10/19/2015 07:54:26 - Sasa[2000002]: @jlevel 100
10/19/2015 07:54:30 - Sasa[2000002]: @jlevel 100
10/19/2015 12:12:40 - TEST SKRIP[2000005]: @skpoint 99
10/19/2015 12:12:52 - TEST SKRIP[2000005]: @skillsall
10/19/2015 12:14:30 - TEST SKRIP[2000005]: /lb ntar yg login sekarang, progressnya g masuk ya
10/19/2015 12:16:36 - TEST SKRIP[2000005]: @job 0
10/19/2015 12:18:59 - TEST SKRIP[2000005]: @statall
10/19/2015 12:35:34 - JiEm JOG[2000005]: @warp bif_fild01 10 10
10/19/2015 12:35:49 - JiEm JOG[2000005]: @recall Luffy
10/19/2015 12:38:37 - KsatriaPerak[2000005]: @jump 193 148
10/19/2015 12:38:45 - KsatriaPerak[2000005]: @jump 148 193
10/19/2015 12:39:00 - KsatriaPerak[2000005]: @jump 150 193
10/19/2015 13:03:34 - Luffy[2000016]: @item "beelzebub card" 2 
10/19/2015 13:03:40 - Luffy[2000016]: @item "beerzebub card" 2 
10/19/2015 13:04:21 - Luffy[2000016]: @item "berzebub card" 2
10/19/2015 13:04:35 - Luffy[2000016]: @item "berzebub card" 1
10/19/2015 13:06:48 - JiEm JOG[2000005]: @jump 146 89
10/19/2015 17:12:06 - JiEm JOG[2000005]: @job
10/19/2015 17:12:14 - JiEm JOG[2000005]: @job 4102
10/19/2015 17:13:20 - JiEm JOG[2000005]: /lb All, restart server bentar ya
10/19/2015 17:13:26 - JiEm JOG[2000005]: /lb semenit
10/19/2015 17:13:32 - JiEm JOG[2000005]: /lb silaken pada logot
10/19/2015 17:13:52 - JiEm JOG[2000005]: /lb daripada error charE
10/19/2015 17:13:58 - JiEm JOG[2000005]: /lb wk
10/19/2015 17:18:07 - JiEm JOG[2000005]: @jump 164 170
10/19/2015 17:18:29 - JiEm JOG[2000005]: @warp payon_in01 5 134
10/19/2015 17:27:24 - Luffy[2000016]: @speed 1
10/19/2015 17:30:02 - JiEm JOG[2000005]: @speed 1
10/19/2015 17:30:39 - JiEm JOG[2000005]: @job
10/19/2015 17:30:56 - JiEm JOG[2000005]: @job 4018
10/19/2015 17:34:29 - Luffy[2000016]: @speed 1
10/19/2015 17:35:48 - Luffy[2000016]: @summon "satan morroc"
10/19/2015 17:36:02 - Luffy[2000016]: @summon "valkyrie randgris"
10/19/2015 17:36:29 - Luffy[2000016]: @summon 1916
10/19/2015 17:37:46 - Luffy[2000016]: @summon 1916
10/19/2015 17:38:15 - Luffy[2000016]: @killmonster
10/19/2015 17:38:31 - Luffy[2000016]: @summon 1956
10/19/2015 17:38:53 - Luffy[2000016]: @killmonster
10/19/2015 17:39:39 - Luffy[2000016]: @summon 1751
10/19/2015 17:39:46 - Luffy[2000016]: @summon 1916
10/19/2015 17:40:00 - Luffy[2000016]: @summon 1956
10/19/2015 17:40:09 - Luffy[2000016]: @summon 1874
10/19/2015 17:41:09 - Luffy[2000016]: @killmonster
10/19/2015 17:41:21 - Luffy[2000016]: @summon 1874
10/19/2015 17:41:22 - Luffy[2000016]: @summon 1874
10/19/2015 17:41:23 - Luffy[2000016]: @summon 1874
10/19/2015 17:41:23 - Luffy[2000016]: @summon 1874
10/19/2015 17:41:24 - Luffy[2000016]: @summon 1874
10/19/2015 17:41:25 - Luffy[2000016]: @summon 1874
10/19/2015 17:41:25 - Luffy[2000016]: @summon 1874
10/19/2015 17:41:25 - Luffy[2000016]: @summon 1874
10/19/2015 17:41:25 - Luffy[2000016]: @summon 1874
10/19/2015 17:41:26 - Luffy[2000016]: @summon 1874
10/19/2015 17:41:27 - Luffy[2000016]: @summon 1874
10/19/2015 17:41:54 - Luffy[2000016]: @killmonster
10/19/2015 17:45:06 - Luffy[2000016]: @spawn 1904
10/19/2015 17:45:14 - Luffy[2000016]: @spawn 1904
10/19/2015 17:45:30 - JiEm JOG[2000005]: @alive
10/19/2015 17:45:57 - Luffy[2000016]: @spawn 1904
10/19/2015 17:46:35 - Luffy[2000016]: @spawn 1904
10/19/2015 17:46:48 - Luffy[2000016]: @spawn 1904
10/19/2015 17:48:54 - JiEm JOG[2000005]: @speed 1
10/19/2015 17:49:54 - Luffy[2000016]: @speed 1
10/19/2015 17:50:38 - JiEm JOG[2000005]: @speed 1
10/19/2015 17:51:24 - JiEm JOG[2000005]: @speed 1
10/19/2015 17:52:39 - JiEm JOG[2000005]: @speed 1
10/19/2015 17:53:33 - JiEm JOG[2000005]: @speed 1
10/19/2015 17:55:05 - JiEm JOG[2000005]: @item 1713
10/19/2015 17:55:43 - JiEm JOG[2000005]: @item  984 50
10/19/2015 17:55:54 - JiEm JOG[2000005]: @item  999 50
10/19/2015 17:56:28 - JiEm JOG[2000005]: @item 1713 10
10/19/2015 18:03:40 - JiEm JOG[2000005]: @warp quiz_02 10 10
10/19/2015 18:07:04 - JiEm JOG[2000005]: @warp quiz_02 322 83
10/19/2015 18:08:36 - JiEm JOG[2000005]: @warp quiz_02 335 74
10/19/2015 18:13:03 - JiEm JOG[2000005]: @alive
10/19/2015 18:22:02 - Luffy[2000016]: @speed 1
10/19/2015 18:27:12 - JiEm JOG[2000005]: @jlvl 99
10/19/2015 18:27:20 - JiEm JOG[2000005]: @skpoint -69
10/19/2015 18:29:25 - Charles[2000016]: @blevel 255
10/19/2015 18:29:36 - Charles[2000016]: @jlevel 255
10/19/2015 18:29:43 - Charles[2000016]: @allskill
10/19/2015 18:30:01 - Charles[2000016]: @blevel 150
10/19/2015 18:30:07 - Charles[2000016]: @jlevel 150
10/19/2015 18:30:45 - Charles[2000016]: @job 0
10/19/2015 18:31:32 - Charles[2000016]: @blevel 1
10/19/2015 18:31:37 - Charles[2000016]: @blevel 150
10/19/2015 18:31:41 - Charles[2000016]: @blevel 1
10/19/2015 18:31:44 - Charles[2000016]: @blevel 0
10/19/2015 18:31:56 - Charles[2000016]: @job 0
10/19/2015 18:31:59 - Charles[2000016]: @job 1
10/19/2015 18:32:02 - Charles[2000016]: @job 0
10/19/2015 18:32:53 - Charles[2000016]: @skpoint 0
10/19/2015 18:32:57 - Charles[2000016]: @skpoint 1
10/19/2015 18:33:03 - Charles[2000016]: @skpoint reset
10/19/2015 18:33:07 - Charles[2000016]: @reset
10/19/2015 18:33:23 - Charles[2000016]: @skpoint -59
10/19/2015 18:33:31 - Charles[2000016]: @blevel -98
10/19/2015 18:33:47 - Charles[2000016]: @blevel 10
10/19/2015 18:33:52 - Charles[2000016]: @jlevel 10
10/19/2015 18:34:09 - Charles[2000016]: @jlevel 49
10/19/2015 18:34:17 - Charles[2000016]: @blevel 59
10/19/2015 18:35:20 - Sanji[2000016]: @jlevel 9
10/19/2015 18:35:24 - Sanji[2000016]: @blevel 12
10/19/2015 18:43:16 - Sanji[2000016]: @jlevel 49
10/19/2015 18:43:27 - Sanji[2000016]: @blevel 98
10/19/2015 18:45:04 - Sanji[2000016]: @jlevel 49
10/19/2015 18:45:35 - Sanji[2000016]: @jlevel 9
10/19/2015 18:45:40 - Sanji[2000016]: @blevel 12
10/19/2015 18:46:02 - Sanji[2000016]: @blevel 49
10/19/2015 18:46:05 - Sanji[2000016]: @jlevel 49
10/19/2015 18:46:32 - Sanji[2000016]: @jlevel 49
10/19/2015 18:46:37 - Sanji[2000016]: @blevel 49
10/19/2015 18:47:01 - Sanji[2000016]: @blevel 49
10/19/2015 18:47:05 - Sanji[2000016]: @jlevel 49
10/19/2015 18:49:00 - JiEm JOG[2000005]: @job
10/19/2015 18:49:06 - JiEm JOG[2000005]: @job
10/19/2015 18:49:21 - JiEm JOG[2000005]: @job
10/19/2015 18:49:33 - JiEm JOG[2000005]: @job 4021
10/19/2015 18:49:38 - JiEm JOG[2000005]: @jlvl 90
10/19/2015 18:51:41 - JiEm JOG[2000005]: @blvl 999
10/19/2015 18:54:02 - Run Run[2000016]: @jlevel 10
10/19/2015 18:54:09 - Run Run[2000016]: @blevel 999
10/19/2015 18:54:30 - Run Run[2000016]: @jlevel 100
10/19/2015 18:54:33 - Run Run[2000016]: @allskill
10/19/2015 18:54:39 - Run Run[2000016]: @jlevel 100
10/19/2015 18:54:41 - Run Run[2000016]: @allskill
10/19/2015 18:54:48 - Run Run[2000016]: @jlevel 100
10/19/2015 18:54:58 - Run Run[2000016]: @blevel 999
10/19/2015 18:55:06 - Run Run[2000016]: @allskill
10/19/2015 18:55:49 - Run Run[2000016]: @jlevel 100
10/19/2015 18:55:51 - Run Run[2000016]: @allskill
10/19/2015 18:56:05 - Run Run[2000016]: @jlevel 100
10/19/2015 18:56:10 - Run Run[2000016]: @allskill
10/19/2015 18:56:21 - Run Run[2000016]: @jlevel 100
10/19/2015 18:56:23 - Run Run[2000016]: @blevel 999
10/19/2015 18:56:29 - Run Run[2000016]: @allskill
10/19/2015 20:19:37 - KsatriaPerak[2000005]: @blvl 1000
10/19/2015 20:21:26 - KsatriaPerak[2000005]: @blvl 19999
10/20/2015 11:13:39 - JiEm JOG[2000005]: @blvl 100
10/20/2015 11:14:03 - JiEm JOG[2000005]: @jlvl 100
10/20/2015 11:14:13 - JiEm JOG[2000005]: @skpoint -49
10/20/2015 11:14:28 - JiEm JOG[2000005]: @skpoint -49
10/20/2015 11:14:38 - JiEm JOG[2000005]: @jlvl 1000
10/20/2015 11:14:40 - JiEm JOG[2000005]: @skpoint -49
10/20/2015 11:14:42 - JiEm JOG[2000005]: @skpoint -49
10/20/2015 11:15:45 - JiEm JOG[2000005]: @blvl 10000
10/20/2015 11:16:53 - Test Char 991[2000005]: @jlvl 99
10/20/2015 11:17:02 - Test Char 991[2000005]: @blvl 100
10/20/2015 11:17:08 - Test Char 991[2000005]: @jlvl 99
10/20/2015 11:17:49 - Test Char 991[2000005]: @jlvl 99
10/20/2015 11:18:25 - Test Char 991[2000005]: @blvl 100
10/20/2015 11:19:05 - Test Char 991[2000005]: @blvl 99
10/20/2015 11:19:09 - Test Char 991[2000005]: @jlvl 999
10/20/2015 11:19:46 - Test Char 991[2000005]: @jlvl 999
10/20/2015 11:19:48 - Test Char 991[2000005]: @blvl 99
10/20/2015 11:20:06 - Test Char 991[2000005]: @blvl 100
10/20/2015 11:20:12 - Test Char 991[2000005]: @blvl 100
10/20/2015 11:20:13 - Test Char 991[2000005]: @jlvl 99
10/20/2015 11:20:58 - Test Char 991[2000005]: @jlvl 99
10/20/2015 11:21:02 - Test Char 991[2000005]: @blvl 100
10/20/2015 11:43:41 - TEST SKRIP[2000005]: @blvl 9999
10/20/2015 11:43:44 - TEST SKRIP[2000005]: @jlvl 9999
10/20/2015 11:44:05 - TEST SKRIP[2000005]: @jlvl 9999
10/20/2015 11:44:07 - TEST SKRIP[2000005]: @blvl 9999
10/20/2015 11:44:31 - Silperlait[2000005]: @blvl 9999
10/20/2015 11:44:34 - Silperlait[2000005]: @jlvl 99999
10/20/2015 11:44:54 - Silperlait[2000005]: @skpoint -49
10/20/2015 11:44:59 - Silperlait[2000005]: @jlvl 99999
10/20/2015 11:45:04 - Silperlait[2000005]: @skpoint -49
10/20/2015 11:45:13 - Silperlait[2000005]: @jlvl 99999
10/20/2015 11:45:15 - Silperlait[2000005]: @blvl 9999
10/20/2015 11:45:29 - Silperlait[2000005]: @blvl 9999
10/20/2015 11:45:31 - Silperlait[2000005]: @jlvl 99999
10/20/2015 11:45:35 - Silperlait[2000005]: @skpoint -49
10/20/2015 11:45:43 - Silperlait[2000005]: @jlvl 99999
10/20/2015 11:45:45 - Silperlait[2000005]: @skpoint -49
10/20/2015 11:45:50 - Silperlait[2000005]: @skpoint -49
10/20/2015 11:45:58 - Silperlait[2000005]: @jlvl 99999
10/20/2015 11:46:00 - Silperlait[2000005]: @blvl 9999
10/20/2015 12:02:33 - TEST SKRIP[2000005]: @job
10/20/2015 12:02:45 - TEST SKRIP[2000005]: @job 4012
10/20/2015 12:02:50 - TEST SKRIP[2000005]: @jlvl 99
10/20/2015 12:02:54 - TEST SKRIP[2000005]: @skpoint -70
10/20/2015 12:02:58 - TEST SKRIP[2000005]: @skpoint -70
10/20/2015 12:08:43 - TEST SKRIP[2000005]: @job 4012
10/20/2015 12:08:49 - TEST SKRIP[2000005]: @jlvl 908
10/20/2015 12:08:52 - TEST SKRIP[2000005]: @skpoint -199
10/20/2015 12:09:26 - TEST SKRIP[2000005]: @jlvl 908
10/20/2015 12:09:45 - TEST SKRIP[2000005]: @skillsall
10/20/2015 12:19:09 - Chopper[2000016]: @item "Bacsojin Egg"
10/20/2015 12:21:31 - Chopper[2000016]: @speed 1
10/20/2015 12:22:40 - GM JOG01[2000005]: @speed 1
10/20/2015 12:25:00 - Chopper[2000016]: @jlevel 100
10/20/2015 12:25:03 - Chopper[2000016]: @blevel 100
10/20/2015 12:25:30 - Chopper[2000016]: @skpoint -
10/20/2015 12:25:49 - Chopper[2000016]: @skpoint -49
10/20/2015 12:26:02 - Chopper[2000016]: @allskill
10/20/2015 12:31:25 - GM JOG01[2000005]: /lb Halo semua, ini databsenya mau di convert ke SQL
10/20/2015 12:32:22 - GM JOG01[2000005]: /lb Jadi nanti semua character akan di delete
10/20/2015 12:32:45 - GM JOG01[2000005]: /lb Maka dari itu, untuk menghindari loss item, silakan semua item dimasukkan ke Storage Kafra
10/20/2015 12:36:29 - Chopper[2000016]: @item "bacsojin egg"
10/20/2015 12:36:51 - Chopper[2000016]: @speed 1
10/20/2015 12:44:18 - BOB[2000016]: @jlevel 10
10/20/2015 12:44:21 - BOB[2000016]: @blevel 150
10/20/2015 12:44:26 - BOB[2000016]: @allskill
10/20/2015 12:44:40 - BOB[2000016]: @blevel 150
10/20/2015 12:44:44 - BOB[2000016]: @jlevel 10
10/20/2015 12:44:47 - BOB[2000016]: @allskill
10/20/2015 12:44:58 - BOB[2000016]: @jlevel 50
10/20/2015 12:45:05 - BOB[2000016]: @skpoint =100
10/20/2015 12:45:08 - BOB[2000016]: @skpoint -100
10/20/2015 12:45:17 - BOB[2000016]: @jlevel 50
10/20/2015 12:45:21 - GM JOG01[2000005]: @jump 335 74
10/20/2015 12:45:25 - BOB[2000016]: @allskill
10/20/2015 12:45:37 - BOB[2000016]: @blevel 150
10/20/2015 12:45:40 - BOB[2000016]: @jlevel 150
10/20/2015 12:45:44 - BOB[2000016]: @allskill
10/20/2015 12:45:50 - BOB[2000016]: @jlevel 150
10/20/2015 12:45:52 - BOB[2000016]: @allskill
10/20/2015 12:46:01 - BOB[2000016]: @jlevel 150
10/20/2015 12:46:09 - BOB[2000016]: @allskill
10/20/2015 12:46:26 - BOB[2000016]: @blevel 150
10/20/2015 12:46:29 - BOB[2000016]: @jlevel 150
10/20/2015 12:46:31 - BOB[2000016]: @allskill
10/20/2015 12:51:14 - GM JOG01[2000005]: @recall Nami
10/20/2015 12:51:32 - GM JOG01[2000005]: @skillsall
10/20/2015 12:52:19 - GM JOG01[2000005]: @speed 1
10/20/2015 12:53:43 - GM JOG01[2000005]: @blvl Nami 99
10/20/2015 12:56:19 - GM JOG01[2000005]: @monster 345 10
10/20/2015 12:56:22 - GM JOG01[2000005]: @monster 342 10
10/20/2015 12:56:27 - GM JOG01[2000005]: @monster 3102
10/20/2015 12:56:29 - GM JOG01[2000005]: @monster 123
10/20/2015 12:56:31 - GM JOG01[2000005]: @monster 4450
10/20/2015 12:56:34 - GM JOG01[2000005]: @monster 4175
10/20/2015 12:57:02 - Luffy[2000016]: @speed 1
10/20/2015 12:57:05 - GM JOG01[2000005]: @monster 1904 100
10/20/2015 12:57:27 - GM JOG01[2000005]: @killmonster
10/20/2015 12:57:38 - GM JOG01[2000005]: @alive Nami
10/20/2015 12:58:55 - GM JOG01[2000005]: @monster 1904 1000
10/20/2015 12:59:09 - GM JOG01[2000005]: @monster 1904 1000
10/20/2015 12:59:10 - GM JOG01[2000005]: @monster 1904 1000
10/20/2015 12:59:10 - GM JOG01[2000005]: @monster 1904 1000
10/20/2015 12:59:10 - GM JOG01[2000005]: @monster 1904 1000
10/20/2015 12:59:10 - GM JOG01[2000005]: @monster 1904 1000
10/20/2015 12:59:10 - GM JOG01[2000005]: @monster 1904 1000
10/20/2015 12:59:10 - GM JOG01[2000005]: @monster 1904 1000
10/20/2015 12:59:11 - GM JOG01[2000005]: @monster 1904 1000
10/20/2015 12:59:11 - GM JOG01[2000005]: @monster 1904 1000
10/20/2015 12:59:11 - GM JOG01[2000005]: @monster 1904 1000
10/20/2015 12:59:11 - GM JOG01[2000005]: @monster 1904 1000
10/20/2015 12:59:11 - GM JOG01[2000005]: @monster 1904 1000
10/20/2015 12:59:11 - GM JOG01[2000005]: @monster 1904 1000
10/20/2015 12:59:12 - GM JOG01[2000005]: @monster 1904 1000
10/20/2015 12:59:12 - GM JOG01[2000005]: @monster 1904 1000
10/20/2015 12:59:12 - GM JOG01[2000005]: @monster 1904 1000
10/20/2015 12:59:12 - GM JOG01[2000005]: @monster 1904 1000
10/20/2015 12:59:12 - GM JOG01[2000005]: @monster 1904 1000
10/20/2015 12:59:12 - GM JOG01[2000005]: @monster 1904 1000
10/20/2015 12:59:13 - GM JOG01[2000005]: @monster 1904 1000
10/20/2015 13:01:33 - GM JOG01[2000005]: @alive
10/20/2015 13:02:52 - GM JOG01[2000005]: @monster 2702 1
10/20/2015 13:05:29 - GM JOG01[2000005]: @monster 1847 1
10/20/2015 13:05:46 - GM JOG01[2000005]: @killmonster
10/20/2015 13:05:58 - Luffy[2000016]: @spawn 1502
10/20/2015 13:06:02 - GM JOG01[2000005]: @monster 1502
10/20/2015 13:06:09 - Luffy[2000016]: @spawn 1502
10/20/2015 13:06:10 - Luffy[2000016]: @spawn 1502
10/20/2015 13:06:10 - Luffy[2000016]: @spawn 1502
10/20/2015 13:06:10 - Luffy[2000016]: @spawn 1502
10/20/2015 13:06:11 - Luffy[2000016]: @spawn 1502
10/20/2015 13:06:11 - Luffy[2000016]: @spawn 1502
10/20/2015 13:06:13 - Luffy[2000016]: @spawn 1502
10/20/2015 13:06:42 - Luffy[2000016]: @killmonster2
10/20/2015 13:07:10 - Luffy[2000016]: @spawn 1916
10/20/2015 13:07:12 - Luffy[2000016]: @spawn 1916
10/20/2015 13:07:12 - Luffy[2000016]: @spawn 1916
10/20/2015 13:07:13 - Luffy[2000016]: @spawn 1916
10/20/2015 13:07:13 - Luffy[2000016]: @spawn 1916
10/20/2015 13:07:19 - Luffy[2000016]: @killmonster2
10/20/2015 13:07:31 - Luffy[2000016]: @summon 1916
10/20/2015 13:07:36 - Luffy[2000016]: @summon 1916
10/20/2015 13:07:40 - Luffy[2000016]: @summon 1916
10/20/2015 13:07:41 - Luffy[2000016]: @summon 1916
10/20/2015 13:07:41 - Luffy[2000016]: @summon 1916
10/20/2015 13:07:41 - Luffy[2000016]: @summon 1916
10/20/2015 13:07:41 - Luffy[2000016]: @summon 1916
10/20/2015 13:07:41 - Luffy[2000016]: @summon 1916
10/20/2015 13:07:42 - Luffy[2000016]: @summon 1916
10/20/2015 13:07:45 - Luffy[2000016]: @killmonster2
10/20/2015 13:07:45 - Luffy[2000016]: @killmonster2
10/20/2015 13:07:46 - Luffy[2000016]: @killmonster2
10/20/2015 13:07:46 - Luffy[2000016]: @killmonster2
10/20/2015 13:07:54 - GM JOG01[2000005]: /lb Server down in 1 minutes
10/20/2015 13:10:12 - GM JOG01[2000005]: @save
10/20/2015 13:11:10 - GM JOG01[2000005]: @jump 335 74
10/20/2015 13:51:30 - GM JOG01[2000005]: @loadnpc
10/20/2015 13:51:40 - GM JOG01[2000005]: @loadnpc Broker Pasar Maling
10/20/2015 13:51:51 - GM JOG01[2000005]: @loadnpc superindo
10/20/2015 13:52:56 - GM JOG01[2000005]: @loadnpc npc/custom/superindo.txt
10/20/2015 13:54:29 - GM JOG01[2000005]: @gat
10/20/2015 13:54:45 - GM JOG01[2000005]: @displaystatus
10/20/2015 13:55:10 - GM JOG01[2000005]: @reloadscript
10/20/2015 13:55:52 - GM JOG01[2000005]: @snow
10/20/2015 13:55:59 - GM JOG01[2000005]: @night
10/20/2015 13:56:08 - GM JOG01[2000005]: @sakura
10/20/2015 13:56:18 - GM JOG01[2000005]: @fireworks
10/20/2015 13:56:28 - GM JOG01[2000005]: @leaves
10/20/2015 13:56:34 - GM JOG01[2000005]: @leaves
10/20/2015 13:56:45 - GM JOG01[2000005]: @snow
10/20/2015 13:56:55 - GM JOG01[2000005]: @clearweather
10/20/2015 13:57:07 - GM JOG01[2000005]: @leaves
10/20/2015 14:00:33 - GM JOG01[2000005]: @clouds
10/20/2015 14:00:35 - GM JOG01[2000005]: @clouds2
10/20/2015 14:00:37 - GM JOG01[2000005]: @clouds2
10/20/2015 14:00:39 - GM JOG01[2000005]: @clouds
10/20/2015 14:01:38 - GM JOG01[2000005]: #blvl mulan 1
10/20/2015 14:51:16 - GM JOG01[2000005]: @night
10/20/2015 14:51:21 - GM JOG01[2000005]: @snow 10 10
