Build started 10/20/2015 12:15:05 PM.
     1>Project "D:\00MEDIAS\Games\RO\Server\renewal\ServerJob3\vcproj-10\mapcache.vcxproj" on node 4 (Rebuild target(s)).
     1>ClCompile:
         C:\Program Files (x86)\Microsoft Visual Studio 12.0\VC\bin\CL.exe /c /I..\3rdparty\zlib\include /I..\3rdparty\msinttypes\include /Zi /nologo /W3 /WX- /O2 /Ob2 /Oi /Ot /Oy /GT /GL /D WIN32 /D _WIN32 /D __WIN32 /D NDEBUG /D _CRT_SECURE_NO_DEPRECATE /D _CRT_NONSTDC_NO_DEPRECATE /D MINICORE /D _MBCS /GF /Gm- /EHsc /MT /GS /Gy- /fp:precise /Zc:wchar_t /Zc:forScope /Fo"mapcache\Release\\" /Fd"mapcache\Release\vc120.pdb" /Gd /TC /analyze- /errorReport:prompt ..\src\common\core.c ..\src\common\grfio.c ..\src\common\malloc.c ..\src\common\showmsg.c ..\src\common\strlib.c ..\src\common\utils.c ..\src\tool\mapcache.c
         core.c
         grfio.c
         malloc.c
         showmsg.c
         strlib.c
         utils.c
         mapcache.c
       Link:
         C:\Program Files (x86)\Microsoft Visual Studio 12.0\VC\bin\link.exe /ERRORREPORT:PROMPT /OUT:"..\mapcache.exe" /INCREMENTAL:NO /NOLOGO /LIBPATH:..\3rdparty\zlib\lib libcmt.lib oldnames.lib zdll.lib kernel32.lib user32.lib gdi32.lib winspool.lib comdlg32.lib advapi32.lib shell32.lib ole32.lib oleaut32.lib uuid.lib odbc32.lib odbccp32.lib /NODEFAULTLIB /MANIFEST /MANIFESTUAC:"level='asInvoker' uiAccess='false'" /manifest:embed /DEBUG /PDB:"..\mapcache.pdb" /SUBSYSTEM:CONSOLE /OPT:REF /OPT:ICF /LTCG /TLBID:1 /DYNAMICBASE:NO /IMPLIB:"..\mapcache.lib" /MACHINE:X86 /SAFESEH mapcache\Release\core.obj
         mapcache\Release\grfio.obj
         mapcache\Release\malloc.obj
         mapcache\Release\showmsg.obj
         mapcache\Release\strlib.obj
         mapcache\Release\utils.obj
         mapcache\Release\mapcache.obj
         Generating code
         Finished generating code
         mapcache.vcxproj -> D:\00MEDIAS\Games\RO\Server\renewal\ServerJob3\vcproj-10\..\mapcache.exe
     1>Done Building Project "D:\00MEDIAS\Games\RO\Server\renewal\ServerJob3\vcproj-10\mapcache.vcxproj" (Rebuild target(s)).

Build succeeded.

Time Elapsed 00:00:22.94
