Build started 10/20/2015 12:15:05 PM.
     1>Project "D:\00MEDIAS\Games\RO\Server\renewal\ServerJob3\vcproj-10\login-server_txt.vcxproj" on node 5 (Rebuild target(s)).
     1>ClCompile:
         C:\Program Files (x86)\Microsoft Visual Studio 12.0\VC\bin\CL.exe /c /I..\3rdparty\msinttypes\include /Zi /nologo /W3 /WX- /O2 /Ob2 /Oi /Ot /Oy /GT /GL /D WIN32 /D _WIN32 /D __WIN32 /D NDEBUG /D _CRT_SECURE_NO_DEPRECATE /D _CRT_NONSTDC_NO_DEPRECATE /D FD_SETSIZE=4096 /D DB_MANUAL_CAST_TO_UNION /D WITH_TXT /D _MBCS /GF /Gm- /EHsc /MT /GS /fp:precise /Zc:wchar_t /Zc:forScope /Fo"login-server_txt\Release\\" /Fd"login-server_txt\Release\vc120.pdb" /Gd /TC /wd4100 /wd4800 /analyze- /errorReport:prompt ..\src\login\account_txt.c ..\src\login\ipban_txt.c ..\src\login\login.c ..\src\login\loginlog_txt.c ..\src\common\core.c ..\src\common\db.c ..\src\common\ers.c ..\src\common\lock.c ..\src\common\malloc.c ..\src\common\md5calc.c ..\src\common\nullpo.c ..\src\common\plugins.c ..\src\common\showmsg.c ..\src\common\socket.c ..\src\common\strlib.c ..\src\common\timer.c ..\src\common\utils.c
         account_txt.c
         ipban_txt.c
         login.c
         loginlog_txt.c
         core.c
         db.c
         ers.c
         lock.c
         malloc.c
         md5calc.c
         nullpo.c
         plugins.c
         showmsg.c
         socket.c
     1>..\src\common\socket.c(1155): warning C4996: 'gethostbyname': Use getaddrinfo() or GetAddrInfoW() instead or define _WINSOCK_DEPRECATED_NO_WARNINGS to disable deprecated API warnings
                 C:\Program Files (x86)\Windows Kits\8.1\Include\um\winsock2.h(2238) : see declaration of 'gethostbyname'
     1>..\src\common\socket.c(1301): warning C4996: 'gethostbyname': Use getaddrinfo() or GetAddrInfoW() instead or define _WINSOCK_DEPRECATED_NO_WARNINGS to disable deprecated API warnings
                 C:\Program Files (x86)\Windows Kits\8.1\Include\um\winsock2.h(2238) : see declaration of 'gethostbyname'
     1>..\src\common\socket.c(1311): warning C4996: 'inet_ntoa': Use inet_ntop() or InetNtop() instead or define _WINSOCK_DEPRECATED_NO_WARNINGS to disable deprecated API warnings
                 C:\Program Files (x86)\Windows Kits\8.1\Include\um\winsock2.h(1868) : see declaration of 'inet_ntoa'
     1>..\src\common\socket.c(1317): warning C4996: 'inet_addr': Use inet_pton() or InetPton() instead or define _WINSOCK_DEPRECATED_NO_WARNINGS to disable deprecated API warnings
                 C:\Program Files (x86)\Windows Kits\8.1\Include\um\winsock2.h(1850) : see declaration of 'inet_addr'
         strlib.c
         timer.c
         utils.c
       Link:
         C:\Program Files (x86)\Microsoft Visual Studio 12.0\VC\bin\link.exe /ERRORREPORT:PROMPT /OUT:"..\login-server.exe" /INCREMENTAL:NO /NOLOGO libcmt.lib oldnames.lib ws2_32.lib kernel32.lib user32.lib gdi32.lib winspool.lib comdlg32.lib advapi32.lib shell32.lib ole32.lib oleaut32.lib uuid.lib odbc32.lib odbccp32.lib /NODEFAULTLIB /MANIFEST /MANIFESTUAC:"level='asInvoker' uiAccess='false'" /manifest:embed /DEBUG /PDB:"..\login-server.pdb" /SUBSYSTEM:CONSOLE /OPT:REF /OPT:ICF /LTCG /TLBID:1 /DYNAMICBASE:NO /IMPLIB:"..\login-server.lib" /MACHINE:X86 /SAFESEH "login-server_txt\Release\account_txt.obj"
         "login-server_txt\Release\ipban_txt.obj"
         "login-server_txt\Release\login.obj"
         "login-server_txt\Release\loginlog_txt.obj"
         "login-server_txt\Release\core.obj"
         "login-server_txt\Release\db.obj"
         "login-server_txt\Release\ers.obj"
         "login-server_txt\Release\lock.obj"
         "login-server_txt\Release\malloc.obj"
         "login-server_txt\Release\md5calc.obj"
         "login-server_txt\Release\nullpo.obj"
         "login-server_txt\Release\plugins.obj"
         "login-server_txt\Release\showmsg.obj"
         "login-server_txt\Release\socket.obj"
         "login-server_txt\Release\strlib.obj"
         "login-server_txt\Release\timer.obj"
         "login-server_txt\Release\utils.obj"
         Generating code
         Finished generating code
         login-server_txt.vcxproj -> D:\00MEDIAS\Games\RO\Server\renewal\ServerJob3\vcproj-10\..\login-server.exe
     1>Done Building Project "D:\00MEDIAS\Games\RO\Server\renewal\ServerJob3\vcproj-10\login-server_txt.vcxproj" (Rebuild target(s)).

Build succeeded.

Time Elapsed 00:00:22.59
